13:52:18 INFO run_realtime: Scheduler started — Ctrl+C untuk berhenti
13:52:18 INFO data.fetcher: [epl] Stats cache (20 teams)
13:52:18 INFO data.fetcher: [epl] Fixtures cache (10 upcoming)
13:52:20 INFO data.fetcher: Odds-API [soccer_epl] quota: 60
13:52:22 INFO data.fetcher: Odds-API [soccer_epl] quota: 54
13:52:24 INFO data.fetcher: Odds-API [soccer_epl] quota: 48
13:52:26 INFO data.fetcher: Odds-API [soccer_epl] quota: 42
13:52:28 INFO data.fetcher: Odds-API [soccer_epl] quota: 36
13:52:28 INFO data.fetcher: [ucl] Stats cache (36 teams)
13:52:28 INFO data.fetcher: [ucl] Fixtures cache (8 upcoming)
13:52:30 INFO data.fetcher: Odds-API [soccer_uefa_champs_league] quota: 30
13:52:32 INFO data.fetcher: Odds-API [soccer_uefa_champs_league] quota: 24
13:52:34 INFO data.fetcher: Odds-API [soccer_uefa_champs_league] quota: 18
13:52:36 INFO data.fetcher: Odds-API [soccer_uefa_champs_league] quota: 12
13:52:38 INFO data.fetcher: Odds-API [soccer_uefa_champs_league] quota: 6
13:52:39 WARNING data.fetcher: BallDontLie: invalid API key. Daftar di balldontlie.io
13:52:39 WARNING data.fetcher: [nba] ⚠ Using DEMO stats
13:55:49 INFO data.fetcher: [epl] Stats cache (20 teams)
13:55:49 INFO data.fetcher: [epl] Fixtures cache (10 upcoming)
13:55:51 INFO data.fetcher: Odds-API [soccer_epl] quota: 0
13:55:54 WARNING data.fetcher: Odds-API [soccer_epl]: 401 Client Error: Unauthorized for url: https://api.the-odds-api.com/v4/sports/soccer_epl/odds?apiKey=c8ea7d6724584c2afb7cd5a557f9ca04&regions=us%2Cuk&markets=h2h%2Cspreads%2Ctotals&oddsFormat=american
13:55:56 WARNING data.fetcher: Odds-API [soccer_epl]: 401 Client Error: Unauthorized for url: https://api.the-odds-api.com/v4/sports/soccer_epl/odds?apiKey=c8ea7d6724584c2afb7cd5a557f9ca04&regions=us%2Cuk&markets=h2h%2Cspreads%2Ctotals&oddsFormat=american
13:55:58 WARNING data.fetcher: Odds-API [soccer_epl]: 401 Client Error: Unauthorized for url: https://api.the-odds-api.com/v4/sports/soccer_epl/odds?apiKey=c8ea7d6724584c2afb7cd5a557f9ca04&regions=us%2Cuk&markets=h2h%2Cspreads%2Ctotals&oddsFormat=american
13:56:00 WARNING data.fetcher: Odds-API [soccer_epl]: 401 Client Error: Unauthorized for url: https://api.the-odds-api.com/v4/sports/soccer_epl/odds?apiKey=c8ea7d6724584c2afb7cd5a557f9ca04&regions=us%2Cuk&markets=h2h%2Cspreads%2Ctotals&oddsFormat=american
13:56:00 INFO data.fetcher: [ucl] Fixtures cache (8 upcoming)
13:56:00 INFO data.fetcher: [ucl] Stats cache (36 teams)
13:56:02 WARNING data.fetcher: Odds-API [soccer_uefa_champs_league]: 401 Client Error: Unauthorized for url: https://api.the-odds-api.com/v4/sports/soccer_uefa_champs_league/odds?apiKey=c8ea7d6724584c2afb7cd5a557f9ca04&regions=us%2Cuk&markets=h2h%2Cspreads%2Ctotals&oddsFormat=american
13:56:04 WARNING data.fetcher: Odds-API [soccer_uefa_champs_league]: 401 Client Error: Unauthorized for url: https://api.the-odds-api.com/v4/sports/soccer_uefa_champs_league/odds?apiKey=c8ea7d6724584c2afb7cd5a557f9ca04&regions=us%2Cuk&markets=h2h%2Cspreads%2Ctotals&oddsFormat=american
13:56:06 WARNING data.h2h_fetcher: ESPN H2H [Chelsea vs Paris Saint-Germain]: HTTPSConnectionPool(host='site.api.espn.com', port=443): Max retries exceeded with url: /apis/site/v2/sports/soccer/eng.1/scoreboard?limit=100 (Caused by SSLError(SSLError(1, '[SSL: TLSV1_ALERT_INTERNAL_ERROR] tlsv1 alert internal error (_ssl.c:1032)')))
13:56:07 WARNING data.fetcher: Odds-API [soccer_uefa_champs_league]: 401 Client Error: Unauthorized for url: https://api.the-odds-api.com/v4/sports/soccer_uefa_champs_league/odds?apiKey=c8ea7d6724584c2afb7cd5a557f9ca04&regions=us%2Cuk&markets=h2h%2Cspreads%2Ctotals&oddsFormat=american
13:56:09 WARNING data.h2h_fetcher: ESPN H2H [Manchester City vs Real Madrid]: HTTPSConnectionPool(host='site.api.espn.com', port=443): Max retries exceeded with url: /apis/site/v2/sports/soccer/eng.1/scoreboard?limit=100 (Caused by SSLError(SSLError(1, '[SSL: TLSV1_ALERT_INTERNAL_ERROR] tlsv1 alert internal error (_ssl.c:1032)')))
13:56:10 WARNING data.fetcher: Odds-API [soccer_uefa_champs_league]: 401 Client Error: Unauthorized for url: https://api.the-odds-api.com/v4/sports/soccer_uefa_champs_league/odds?apiKey=c8ea7d6724584c2afb7cd5a557f9ca04&regions=us%2Cuk&markets=h2h%2Cspreads%2Ctotals&oddsFormat=american
13:56:12 WARNING data.fetcher: Odds-API [soccer_uefa_champs_league]: 401 Client Error: Unauthorized for url: https://api.the-odds-api.com/v4/sports/soccer_uefa_champs_league/odds?apiKey=c8ea7d6724584c2afb7cd5a557f9ca04&regions=us%2Cuk&markets=h2h%2Cspreads%2Ctotals&oddsFormat=american
13:56:12 INFO data.fetcher: [nba] Stats cache (7 teams)
13:56:12 INFO data.fetcher: [nba] Fixtures cache (3 upcoming)
13:56:15 WARNING data.fetcher: Odds-API [basketball_nba]: 401 Client Error: Unauthorized for url: https://api.the-odds-api.com/v4/sports/basketball_nba/odds?apiKey=c8ea7d6724584c2afb7cd5a557f9ca04&regions=us%2Cuk&markets=h2h%2Cspreads%2Ctotals&oddsFormat=american
13:56:17 INFO data.fetcher: [nhl] ✅ NHL API: 32 teams
13:56:19 WARNING data.fetcher: Odds-API [icehockey_nhl]: 401 Client Error: Unauthorized for url: https://api.the-odds-api.com/v4/sports/icehockey_nhl/odds?apiKey=c8ea7d6724584c2afb7cd5a557f9ca04&regions=us%2Cuk&markets=h2h%2Cspreads%2Ctotals&oddsFormat=american
13:56:22 WARNING data.fetcher: Odds-API [icehockey_nhl]: 401 Client Error: Unauthorized for url: https://api.the-odds-api.com/v4/sports/icehockey_nhl/odds?apiKey=c8ea7d6724584c2afb7cd5a557f9ca04&regions=us%2Cuk&markets=h2h%2Cspreads%2Ctotals&oddsFormat=american
13:56:24 WARNING data.fetcher: Odds-API [icehockey_nhl]: 401 Client Error: Unauthorized for url: https://api.the-odds-api.com/v4/sports/icehockey_nhl/odds?apiKey=c8ea7d6724584c2afb7cd5a557f9ca04&regions=us%2Cuk&markets=h2h%2Cspreads%2Ctotals&oddsFormat=american
13:56:26 WARNING data.fetcher: Odds-API [icehockey_nhl]: 401 Client Error: Unauthorized for url: https://api.the-odds-api.com/v4/sports/icehockey_nhl/odds?apiKey=c8ea7d6724584c2afb7cd5a557f9ca04&regions=us%2Cuk&markets=h2h%2Cspreads%2Ctotals&oddsFormat=american
13:56:28 WARNING data.fetcher: Odds-API [icehockey_nhl]: 401 Client Error: Unauthorized for url: https://api.the-odds-api.com/v4/sports/icehockey_nhl/odds?apiKey=c8ea7d6724584c2afb7cd5a557f9ca04&regions=us%2Cuk&markets=h2h%2Cspreads%2Ctotals&oddsFormat=american
16:04:05 INFO data.fetcher: [epl] Stats cache (20 teams)
16:04:05 INFO data.fetcher: [epl] Fixtures cache (10 upcoming)
16:04:07 WARNING data.fetcher: Odds-API [soccer_epl]: 401 Client Error: Unauthorized for url: https://api.the-odds-api.com/v4/sports/soccer_epl/odds?apiKey=c8ea7d6724584c2afb7cd5a557f9ca04&regions=us%2Cuk&markets=h2h%2Cspreads%2Ctotals&oddsFormat=american
16:04:09 WARNING data.fetcher: Odds-API [soccer_epl]: 401 Client Error: Unauthorized for url: https://api.the-odds-api.com/v4/sports/soccer_epl/odds?apiKey=c8ea7d6724584c2afb7cd5a557f9ca04&regions=us%2Cuk&markets=h2h%2Cspreads%2Ctotals&oddsFormat=american
16:04:11 WARNING data.fetcher: Odds-API [soccer_epl]: 401 Client Error: Unauthorized for url: https://api.the-odds-api.com/v4/sports/soccer_epl/odds?apiKey=c8ea7d6724584c2afb7cd5a557f9ca04&regions=us%2Cuk&markets=h2h%2Cspreads%2Ctotals&oddsFormat=american
16:04:12 WARNING data.fetcher: Odds-API [soccer_epl]: 401 Client Error: Unauthorized for url: https://api.the-odds-api.com/v4/sports/soccer_epl/odds?apiKey=c8ea7d6724584c2afb7cd5a557f9ca04&regions=us%2Cuk&markets=h2h%2Cspreads%2Ctotals&oddsFormat=american
16:04:14 WARNING data.fetcher: Odds-API [soccer_epl]: 401 Client Error: Unauthorized for url: https://api.the-odds-api.com/v4/sports/soccer_epl/odds?apiKey=c8ea7d6724584c2afb7cd5a557f9ca04&regions=us%2Cuk&markets=h2h%2Cspreads%2Ctotals&oddsFormat=american
16:04:14 INFO data.fetcher: [ucl] Stats cache (36 teams)
16:04:14 INFO data.fetcher: [ucl] Fixtures cache (8 upcoming)
16:04:15 WARNING data.fetcher: Odds-API [soccer_uefa_champs_league]: 401 Client Error: Unauthorized for url: https://api.the-odds-api.com/v4/sports/soccer_uefa_champs_league/odds?apiKey=c8ea7d6724584c2afb7cd5a557f9ca04&regions=us%2Cuk&markets=h2h%2Cspreads%2Ctotals&oddsFormat=american
16:04:17 WARNING data.fetcher: Odds-API [soccer_uefa_champs_league]: 401 Client Error: Unauthorized for url: https://api.the-odds-api.com/v4/sports/soccer_uefa_champs_league/odds?apiKey=c8ea7d6724584c2afb7cd5a557f9ca04&regions=us%2Cuk&markets=h2h%2Cspreads%2Ctotals&oddsFormat=american
16:04:19 WARNING data.fetcher: Odds-API [soccer_uefa_champs_league]: 401 Client Error: Unauthorized for url: https://api.the-odds-api.com/v4/sports/soccer_uefa_champs_league/odds?apiKey=c8ea7d6724584c2afb7cd5a557f9ca04&regions=us%2Cuk&markets=h2h%2Cspreads%2Ctotals&oddsFormat=american
16:04:20 WARNING data.fetcher: Odds-API [soccer_uefa_champs_league]: 401 Client Error: Unauthorized for url: https://api.the-odds-api.com/v4/sports/soccer_uefa_champs_league/odds?apiKey=c8ea7d6724584c2afb7cd5a557f9ca04&regions=us%2Cuk&markets=h2h%2Cspreads%2Ctotals&oddsFormat=american
16:04:22 WARNING data.fetcher: Odds-API [soccer_uefa_champs_league]: 401 Client Error: Unauthorized for url: https://api.the-odds-api.com/v4/sports/soccer_uefa_champs_league/odds?apiKey=c8ea7d6724584c2afb7cd5a557f9ca04&regions=us%2Cuk&markets=h2h%2Cspreads%2Ctotals&oddsFormat=american
16:04:22 INFO data.fetcher: [nba] Stats cache (7 teams)
16:04:22 INFO data.fetcher: [nba] Fixtures cache (3 upcoming)
16:04:25 WARNING data.fetcher: Odds-API [basketball_nba]: 401 Client Error: Unauthorized for url: https://api.the-odds-api.com/v4/sports/basketball_nba/odds?apiKey=c8ea7d6724584c2afb7cd5a557f9ca04&regions=us%2Cuk&markets=h2h%2Cspreads%2Ctotals&oddsFormat=american
16:04:25 INFO data.fetcher: [nhl] Fixtures cache (56 upcoming)
16:04:25 INFO data.fetcher: [nhl] Stats cache (32 teams)
16:04:27 WARNING data.fetcher: Odds-API [icehockey_nhl]: 401 Client Error: Unauthorized for url: https://api.the-odds-api.com/v4/sports/icehockey_nhl/odds?apiKey=c8ea7d6724584c2afb7cd5a557f9ca04&regions=us%2Cuk&markets=h2h%2Cspreads%2Ctotals&oddsFormat=american
16:04:28 WARNING data.fetcher: Odds-API [icehockey_nhl]: 401 Client Error: Unauthorized for url: https://api.the-odds-api.com/v4/sports/icehockey_nhl/odds?apiKey=c8ea7d6724584c2afb7cd5a557f9ca04&regions=us%2Cuk&markets=h2h%2Cspreads%2Ctotals&oddsFormat=american
16:04:30 WARNING data.fetcher: Odds-API [icehockey_nhl]: 401 Client Error: Unauthorized for url: https://api.the-odds-api.com/v4/sports/icehockey_nhl/odds?apiKey=c8ea7d6724584c2afb7cd5a557f9ca04&regions=us%2Cuk&markets=h2h%2Cspreads%2Ctotals&oddsFormat=american
16:04:32 WARNING data.fetcher: Odds-API [icehockey_nhl]: 401 Client Error: Unauthorized for url: https://api.the-odds-api.com/v4/sports/icehockey_nhl/odds?apiKey=c8ea7d6724584c2afb7cd5a557f9ca04&regions=us%2Cuk&markets=h2h%2Cspreads%2Ctotals&oddsFormat=american
16:04:34 WARNING data.fetcher: Odds-API [icehockey_nhl]: 401 Client Error: Unauthorized for url: https://api.the-odds-api.com/v4/sports/icehockey_nhl/odds?apiKey=c8ea7d6724584c2afb7cd5a557f9ca04&regions=us%2Cuk&markets=h2h%2Cspreads%2Ctotals&oddsFormat=american
